<?xml version="1.0" encoding="UTF-8"?>
<testsuite name="PasswordTester" tests="1" skipped="0" failures="0" errors="0" timestamp="2020-02-20T11:16:18" hostname="admin1-ThinkCentre-M72e" time="0.062">
  <properties/>
  <testcase name="PasswordDigit" classname="PasswordTester" time="0.062"/>
  <system-out><![CDATA[java.lang.Exception: The password must have at least one digit
]]></system-out>
  <system-err><![CDATA[Feb 20, 2020 1:16:18 PM Validator passwordIsValid
INFO: User Password does not have a number
]]></system-err>
</testsuite>
